Using pre-set license
Built from '2022.3/staging' branch; Version is '2022.3.29f1 (8d510ca76d2b) revision 9261324'; Using compiler version '192829333'; Build Type 'Release'
OS: 'Windows 11  (10.0.22621) 64bit Professional' Language: 'en' Physical Memory: 32509 MB
BatchMode: 1, IsHumanControllingUs: 0, StartBugReporterOnCrash: 0, Is64bit: 1, IsPro: 1

COMMAND LINE ARGUMENTS:
C:\Program Files\Unity\Hub\Editor\2022.3.29f1\Editor\Unity.exe
-adb2
-batchMode
-noUpm
-name
AssetImportWorker0
-projectPath
C:/Users/User/Sonali/demo_car_client
-logFile
Logs/AssetImportWorker0.log
-srvPort
50191
Successfully changed project path to: C:/Users/User/Sonali/demo_car_client
C:/Users/User/Sonali/demo_car_client
[UnityMemory] Configuration Parameters - Can be set up in boot.config
    "memorysetup-bucket-allocator-granularity=16"
    "memorysetup-bucket-allocator-bucket-count=8"
    "memorysetup-bucket-allocator-block-size=33554432"
    "memorysetup-bucket-allocator-block-count=8"
    "memorysetup-main-allocator-block-size=16777216"
    "memorysetup-thread-allocator-block-size=16777216"
    "memorysetup-gfx-main-allocator-block-size=16777216"
    "memorysetup-gfx-thread-allocator-block-size=16777216"
    "memorysetup-cache-allocator-block-size=4194304"
    "memorysetup-typetree-allocator-block-size=2097152"
    "memorysetup-profiler-bucket-allocator-granularity=16"
    "memorysetup-profiler-bucket-allocator-bucket-count=8"
    "memorysetup-profiler-bucket-allocator-block-size=33554432"
    "memorysetup-profiler-bucket-allocator-block-count=8"
    "memorysetup-profiler-allocator-block-size=16777216"
    "memorysetup-profiler-editor-allocator-block-size=1048576"
    "memorysetup-temp-allocator-size-main=16777216"
    "memorysetup-job-temp-allocator-block-size=2097152"
    "memorysetup-job-temp-allocator-block-size-background=1048576"
    "memorysetup-job-temp-allocator-reduction-small-platforms=262144"
    "memorysetup-allocator-temp-initial-block-size-main=262144"
    "memorysetup-allocator-temp-initial-block-size-worker=262144"
    "memorysetup-temp-allocator-size-background-worker=32768"
    "memorysetup-temp-allocator-size-job-worker=262144"
    "memorysetup-temp-allocator-size-preload-manager=33554432"
    "memorysetup-temp-allocator-size-nav-mesh-worker=65536"
    "memorysetup-temp-allocator-size-audio-worker=65536"
    "memorysetup-temp-allocator-size-cloud-worker=32768"
    "memorysetup-temp-allocator-size-gi-baking-worker=262144"
    "memorysetup-temp-allocator-size-gfx=262144"
Player connection [20452] Host "[IP] 169.254.245.35 [Port] 0 [Flags] 2 [Guid] 2589348040 [EditorId] 2589348040 [Version] 1048832 [Id] WindowsEditor(7,DESKTOP-1PRKRT5) [Debug] 1 [PackageName] WindowsEditor [ProjectName] Editor" joined multi-casting on [225.0.0.222:54997]...

Player connection [20452] Host "[IP] 169.254.245.35 [Port] 0 [Flags] 2 [Guid] 2589348040 [EditorId] 2589348040 [Version] 1048832 [Id] WindowsEditor(7,DESKTOP-1PRKRT5) [Debug] 1 [PackageName] WindowsEditor [ProjectName] Editor" joined alternative multi-casting on [225.0.0.222:34997]...

[Physics::Module] Initialized MultithreadedJobDispatcher with 23 workers.
Refreshing native plugins compatible for Editor in 3.63 ms, found 3 plugins.
Preloading 0 native plugins for Editor in 0.00 ms.
Initialize engine version: 2022.3.29f1 (8d510ca76d2b)
[Subsystems] Discovering subsystems at path C:/Program Files/Unity/Hub/Editor/2022.3.29f1/Editor/Data/Resources/UnitySubsystems
[Subsystems] Discovering subsystems at path C:/Users/User/Sonali/demo_car_client/Assets
GfxDevice: creating device client; threaded=0; jobified=0
Direct3D:
    Version:  Direct3D 11.0 [level 11.1]
    Renderer: NVIDIA GeForce RTX 4090 (ID=0x2684)
    Vendor:   NVIDIA
    VRAM:     24156 MB
    Driver:   31.0.15.2824
Initialize mono
Mono path[0] = 'C:/Program Files/Unity/Hub/Editor/2022.3.29f1/Editor/Data/Managed'
Mono path[1] = 'C:/Program Files/Unity/Hub/Editor/2022.3.29f1/Editor/Data/MonoBleedingEdge/lib/mono/unityjit-win32'
Mono config path = 'C:/Program Files/Unity/Hub/Editor/2022.3.29f1/Editor/Data/MonoBleedingEdge/etc'
Using monoOptions --debugger-agent=transport=dt_socket,embedding=1,server=y,suspend=n,address=127.0.0.1:56232
Begin MonoManager ReloadAssembly
Registering precompiled unity dll's ...
Register platform support module: C:/Program Files/Unity/Hub/Editor/2022.3.29f1/Editor/Data/PlaybackEngines/AndroidPlayer/UnityEditor.Android.Extensions.dll
Register platform support module: C:/Program Files/Unity/Hub/Editor/2022.3.29f1/Editor/Data/PlaybackEngines/WindowsStandaloneSupport/UnityEditor.WindowsStandalone.Extensions.dll
Register platform support module: C:/Program Files/Unity/Hub/Editor/2022.3.29f1/Editor/Data/PlaybackEngines/MetroSupport/UnityEditor.UWP.Extensions.dll
Registered in 0.003530 seconds.
- Loaded All Assemblies, in  0.291 seconds
Native extension for UWP target not found
Native extension for WindowsStandalone target not found
Native extension for Android target not found
Android Extension - Scanning For ADB Devices 128 ms
Mono: successfully reloaded assembly
- Finished resetting the current domain, in  0.332 seconds
Domain Reload Profiling: 623ms
	BeginReloadAssembly (116ms)
		ExecutionOrderSort (0ms)
		DisableScriptedObjects (0ms)
		BackupInstance (0ms)
		ReleaseScriptingObjects (0ms)
		CreateAndSetChildDomain (1ms)
	RebuildCommonClasses (25ms)
	RebuildNativeTypeToScriptingClass (6ms)
	initialDomainReloadingComplete (34ms)
	LoadAllAssembliesAndSetupDomain (109ms)
		LoadAssemblies (118ms)
		RebuildTransferFunctionScriptingTraits (0ms)
		AnalyzeDomain (105ms)
			TypeCache.Refresh (104ms)
				TypeCache.ScanAssembly (95ms)
			ScanForSourceGeneratedMonoScriptInfo (0ms)
			ResolveRequiredComponents (0ms)
	FinalizeReload (332ms)
		ReleaseScriptCaches (0ms)
		RebuildScriptCaches (0ms)
		SetupLoadedEditorAssemblies (301ms)
			LogAssemblyErrors (0ms)
			InitializePlatformSupportModulesInManaged (203ms)
			SetLoadedEditorAssemblies (2ms)
			RefreshPlugins (0ms)
			BeforeProcessingInitializeOnLoad (1ms)
			ProcessInitializeOnLoadAttributes (68ms)
			ProcessInitializeOnLoadMethodAttributes (26ms)
			AfterProcessingInitializeOnLoad (0ms)
			EditorAssembliesLoaded (0ms)
		ExecutionOrderSort2 (0ms)
		AwakeInstancesAfterBackupRestoration (0ms)
========================================================================
Worker process is ready to serve import requests
Begin MonoManager ReloadAssembly
- Loaded All Assemblies, in  0.430 seconds
Refreshing native plugins compatible for Editor in 1.14 ms, found 3 plugins.
Native extension for UWP target not found
Native extension for WindowsStandalone target not found
Native extension for Android target not found
Package Manager log level set to [2]
[Package Manager] Server::EnsureServerProcessIsRunning -- launch failed, reason: Unity was launched with the -noUpm command-line argument
[Package Manager] UpmClient::Send -- Unable to send message (not connected to UPM process).
[Package Manager] Cannot connect to Unity Package Manager local server
Mono: successfully reloaded assembly
- Finished resetting the current domain, in  0.299 seconds
Domain Reload Profiling: 729ms
	BeginReloadAssembly (86ms)
		ExecutionOrderSort (0ms)
		DisableScriptedObjects (3ms)
		BackupInstance (0ms)
		ReleaseScriptingObjects (0ms)
		CreateAndSetChildDomain (12ms)
	RebuildCommonClasses (19ms)
	RebuildNativeTypeToScriptingClass (6ms)
	initialDomainReloadingComplete (21ms)
	LoadAllAssembliesAndSetupDomain (298ms)
		LoadAssemblies (219ms)
		RebuildTransferFunctionScriptingTraits (0ms)
		AnalyzeDomain (130ms)
			TypeCache.Refresh (118ms)
				TypeCache.ScanAssembly (106ms)
			ScanForSourceGeneratedMonoScriptInfo (9ms)
			ResolveRequiredComponents (2ms)
	FinalizeReload (300ms)
		ReleaseScriptCaches (0ms)
		RebuildScriptCaches (0ms)
		SetupLoadedEditorAssemblies (214ms)
			LogAssemblyErrors (0ms)
			InitializePlatformSupportModulesInManaged (12ms)
			SetLoadedEditorAssemblies (3ms)
			RefreshPlugins (0ms)
			BeforeProcessingInitializeOnLoad (29ms)
			ProcessInitializeOnLoadAttributes (158ms)
			ProcessInitializeOnLoadMethodAttributes (11ms)
			AfterProcessingInitializeOnLoad (2ms)
			EditorAssembliesLoaded (0ms)
		ExecutionOrderSort2 (0ms)
		AwakeInstancesAfterBackupRestoration (3ms)
Launched and connected shader compiler UnityShaderCompiler.exe after 0.03 seconds
Refreshing native plugins compatible for Editor in 1.90 ms, found 3 plugins.
Preloading 0 native plugins for Editor in 0.00 ms.
Unloading 3101 Unused Serialized files (Serialized files now loaded: 0)
Unloading 33 unused Assets / (57.8 KB). Loaded Objects now: 3572.
Memory consumption went from 127.2 MB to 127.1 MB.
Total: 1.968600 ms (FindLiveObjects: 0.177800 ms CreateObjectMapping: 0.039100 ms MarkObjects: 1.686100 ms  DeleteObjects: 0.064900 ms)

AssetImportParameters requested are different than current active one (requested -> active):
  custom:container-demuxer-ogg: 62fdf1f143b41e24485cea50d1cbac27 -> 
  custom:video-decoder-ogg-theora: a1e56fd34408186e4bbccfd4996cb3dc -> 
  custom:framework-win-MediaFoundation: 216162199b28c13a410421893ffa2e32 -> 
  custom:CustomObjectIndexerAttribute: 9a22284fe3817be447336de3de66b15e -> 
  custom:container-demuxer-webm: 4f35f7cbe854078d1ac9338744f61a02 -> 
  custom:container-muxer-webm: aa71ff27fc2769a1b78a27578f13a17b -> 
  custom:video-decoder-webm-vp8: 9c59270c3fd7afecdb556c50c9e8de78 -> 
  custom:SearchIndexIgnoredProperties: e643bd26f0fe6173181afceb89e7c659 -> 
  custom:AudioImporter_EditorPlatform: d09bf68614088b80899f8185d706f6e7 -> 
  custom:video-encoder-webm-vp8: eb34c28f22e8b96e1ab97ce403110664 -> 
  custom:audio-decoder-ogg-vorbis: bf7c407c2cedff20999df2af8eb42d56 -> 
  custom:audio-encoder-webm-vorbis: bf7c407c2cedff20999df2af8eb42d56 -> 
========================================================================
Received Import Request.
  Time since last request: 4687.047275 seconds.
  path: Assets/images/Materials
  artifactKey: Guid(1e93b8c02b560a541b97bb3f875bd541) Importer(815301076,1909f56bfc062723c751e8b465ee728b)
Start importing Assets/images/Materials using Guid(1e93b8c02b560a541b97bb3f875bd541) Importer(815301076,1909f56bfc062723c751e8b465ee728b)  -> (artifact id: '28d3d8daed569a2bd0a79d86576a3a57') in 0.001667 seconds
Number of updated asset objects reloaded before import = 0
Number of asset objects unloaded after import = 0
========================================================================
Received Import Request.
  Time since last request: 0.053808 seconds.
  path: Assets/images/Materials/circle.mat
  artifactKey: Guid(b077b9f20624faa46816975709788074) Importer(815301076,1909f56bfc062723c751e8b465ee728b)
Start importing Assets/images/Materials/circle.mat using Guid(b077b9f20624faa46816975709788074) Importer(815301076,1909f56bfc062723c751e8b465ee728b)  -> (artifact id: 'dbbb45de2f476fee564316edde0d2cf6') in 0.057158 seconds
Number of updated asset objects reloaded before import = 0
Number of asset objects unloaded after import = 2
========================================================================
Received Import Request.
  Time since last request: 0.000013 seconds.
  path: Assets/images/Materials/up-arrow.mat
  artifactKey: Guid(261fc05b3aff47745936920912ed4038) Importer(815301076,1909f56bfc062723c751e8b465ee728b)
Start importing Assets/images/Materials/up-arrow.mat using Guid(261fc05b3aff47745936920912ed4038) Importer(815301076,1909f56bfc062723c751e8b465ee728b)  -> (artifact id: '928d204704c552c818366177d2e49214') in 0.009163 seconds
Number of updated asset objects reloaded before import = 0
Number of asset objects unloaded after import = 2
========================================================================
Received Import Request.
  Time since last request: 11.895454 seconds.
  path: Assets/Single_detailed_truck
  artifactKey: Guid(dd9da54ae29ca4243bbcdb87e4ba6afc) Importer(815301076,1909f56bfc062723c751e8b465ee728b)
Start importing Assets/Single_detailed_truck using Guid(dd9da54ae29ca4243bbcdb87e4ba6afc) Importer(815301076,1909f56bfc062723c751e8b465ee728b)  -> (artifact id: 'c72a99fe43bd28022308cba673c00b4a') in 0.000350 seconds
Number of updated asset objects reloaded before import = 0
Number of asset objects unloaded after import = 0
========================================================================
Received Import Request.
  Time since last request: 0.056368 seconds.
  path: Assets/Single_detailed_truck/Truck.prefab
  artifactKey: Guid(55ef205a51d72c441a6f04d6c9b443b8) Importer(815301076,1909f56bfc062723c751e8b465ee728b)
Start importing Assets/Single_detailed_truck/Truck.prefab using Guid(55ef205a51d72c441a6f04d6c9b443b8) Importer(815301076,1909f56bfc062723c751e8b465ee728b)  -> (artifact id: '35a84947bd353a0962ffc1401be67b6c') in 0.106891 seconds
Number of updated asset objects reloaded before import = 0
Number of asset objects unloaded after import = 119
========================================================================
Received Import Request.
  Time since last request: 3.327253 seconds.
  path: Assets/Single_detailed_truck/example_scene.unity
  artifactKey: Guid(4f6a46496b2861b4fa4e46f81751d128) Importer(815301076,1909f56bfc062723c751e8b465ee728b)
Start importing Assets/Single_detailed_truck/example_scene.unity using Guid(4f6a46496b2861b4fa4e46f81751d128) Importer(815301076,1909f56bfc062723c751e8b465ee728b)  -> (artifact id: '810bb99e27570dbcac805d95a3d97743') in 0.000498 seconds
Number of updated asset objects reloaded before import = 0
Number of asset objects unloaded after import = 0
========================================================================
Received Import Request.
  Time since last request: 0.827841 seconds.
  path: Assets/Single_detailed_truck/example_sceneSettings.lighting
  artifactKey: Guid(7ee79b865c2de0c468219211f324aacf) Importer(815301076,1909f56bfc062723c751e8b465ee728b)
Start importing Assets/Single_detailed_truck/example_sceneSettings.lighting using Guid(7ee79b865c2de0c468219211f324aacf) Importer(815301076,1909f56bfc062723c751e8b465ee728b) LightingSettings: switching bake backend from 1 to 0.
 -> (artifact id: '1908420e4e6743882834feaa71afe2bb') in 0.000629 seconds
Number of updated asset objects reloaded before import = 0
Number of asset objects unloaded after import = 1
========================================================================
Received Import Request.
  Time since last request: 0.177174 seconds.
  path: Assets/Single_detailed_truck/readme.txt
  artifactKey: Guid(5a89f088a4855fc4cbe27249a44b05e8) Importer(815301076,1909f56bfc062723c751e8b465ee728b)
Start importing Assets/Single_detailed_truck/readme.txt using Guid(5a89f088a4855fc4cbe27249a44b05e8) Importer(815301076,1909f56bfc062723c751e8b465ee728b)  -> (artifact id: '4d90cbbf3c616c060c2e90d16b0ac956') in 0.000610 seconds
Number of updated asset objects reloaded before import = 0
Number of asset objects unloaded after import = 1
========================================================================
Received Import Request.
  Time since last request: 10.067336 seconds.
  path: Assets/Single_detailed_truck/Textures
  artifactKey: Guid(be83259253b16ec47958b5420373f9bc) Importer(815301076,1909f56bfc062723c751e8b465ee728b)
Start importing Assets/Single_detailed_truck/Textures using Guid(be83259253b16ec47958b5420373f9bc) Importer(815301076,1909f56bfc062723c751e8b465ee728b)  -> (artifact id: '012307bb6635c794167ac3010634757b') in 0.000336 seconds
Number of updated asset objects reloaded before import = 0
Number of asset objects unloaded after import = 0
========================================================================
Received Import Request.
  Time since last request: 0.046499 seconds.
  path: Assets/Single_detailed_truck/Textures/trailer_base_construction.bmp
  artifactKey: Guid(ac22c6c9a9c62fa488bea4b9fed7ecba) Importer(815301076,1909f56bfc062723c751e8b465ee728b)
Start importing Assets/Single_detailed_truck/Textures/trailer_base_construction.bmp using Guid(ac22c6c9a9c62fa488bea4b9fed7ecba) Importer(815301076,1909f56bfc062723c751e8b465ee728b)  -> (artifact id: '1f7a0a1f2d6a3823e58ea401f185c437') in 0.052797 seconds
Number of updated asset objects reloaded before import = 0
Number of asset objects unloaded after import = 2
========================================================================
Received Import Request.
  Time since last request: 0.000013 seconds.
  path: Assets/Single_detailed_truck/Textures/truck_color_01.bmp
  artifactKey: Guid(d87c65362d364024aae9a5fd4eb2b9ef) Importer(815301076,1909f56bfc062723c751e8b465ee728b)
Start importing Assets/Single_detailed_truck/Textures/truck_color_01.bmp using Guid(d87c65362d364024aae9a5fd4eb2b9ef) Importer(815301076,1909f56bfc062723c751e8b465ee728b)  -> (artifact id: '30383bc9acbf96b4b3974e8c5907b6d2') in 0.029824 seconds
Number of updated asset objects reloaded before import = 0
Number of asset objects unloaded after import = 2
========================================================================
Received Import Request.
  Time since last request: 0.000017 seconds.
  path: Assets/Single_detailed_truck/Textures/trailer_color_03.bmp
  artifactKey: Guid(14243086c54812a4eb92569165dbedf6) Importer(815301076,1909f56bfc062723c751e8b465ee728b)
Start importing Assets/Single_detailed_truck/Textures/trailer_color_03.bmp using Guid(14243086c54812a4eb92569165dbedf6) Importer(815301076,1909f56bfc062723c751e8b465ee728b)  -> (artifact id: '5d2cfe642d1c7ae0cdd4c83f1effe476') in 0.032196 seconds
Number of updated asset objects reloaded before import = 0
Number of asset objects unloaded after import = 2
========================================================================
Received Import Request.
  Time since last request: 0.000012 seconds.
  path: Assets/Single_detailed_truck/Textures/truck_color_03.bmp
  artifactKey: Guid(2b6f8d2db60e007488039b0f64c3222c) Importer(815301076,1909f56bfc062723c751e8b465ee728b)
Start importing Assets/Single_detailed_truck/Textures/truck_color_03.bmp using Guid(2b6f8d2db60e007488039b0f64c3222c) Importer(815301076,1909f56bfc062723c751e8b465ee728b)  -> (artifact id: 'cd281ec90392f7674ba8b9cd1bf8491d') in 0.042087 seconds
Number of updated asset objects reloaded before import = 0
Number of asset objects unloaded after import = 2
========================================================================
Received Import Request.
  Time since last request: 54.712314 seconds.
  path: Assets/Single_detailed_truck/3dobjects/truck.fbx
  artifactKey: Guid(9da17e46af819d046b9cbf7728de49a6) Importer(815301076,1909f56bfc062723c751e8b465ee728b)
Start importing Assets/Single_detailed_truck/3dobjects/truck.fbx using Guid(9da17e46af819d046b9cbf7728de49a6) Importer(815301076,1909f56bfc062723c751e8b465ee728b)  -> (artifact id: '8d7c004834ff9bd5d4b450754c499607') in 0.082479 seconds
Number of updated asset objects reloaded before import = 0
Number of asset objects unloaded after import = 38
========================================================================
Received Import Request.
  Time since last request: 2.370180 seconds.
  path: Assets/Single_detailed_truck/3dobjects/Materials/trailer-alu_smooth.mat
  artifactKey: Guid(39cd26f538c82244b94375407e8e5f77) Importer(815301076,1909f56bfc062723c751e8b465ee728b)
Start importing Assets/Single_detailed_truck/3dobjects/Materials/trailer-alu_smooth.mat using Guid(39cd26f538c82244b94375407e8e5f77) Importer(815301076,1909f56bfc062723c751e8b465ee728b)  -> (artifact id: '06fc77adc904f88e34b56ea00c92888b') in 0.033707 seconds
Number of updated asset objects reloaded before import = 0
Number of asset objects unloaded after import = 2
========================================================================
Received Import Request.
  Time since last request: 0.000011 seconds.
  path: Assets/Single_detailed_truck/3dobjects/Materials/trailer-plastic.mat
  artifactKey: Guid(f88f27dccb419864d88700c28c231c76) Importer(815301076,1909f56bfc062723c751e8b465ee728b)
Start importing Assets/Single_detailed_truck/3dobjects/Materials/trailer-plastic.mat using Guid(f88f27dccb419864d88700c28c231c76) Importer(815301076,1909f56bfc062723c751e8b465ee728b)  -> (artifact id: 'e367005c4e977949cc83facddb4c85d0') in 0.027174 seconds
Number of updated asset objects reloaded before import = 0
Number of asset objects unloaded after import = 2
========================================================================
Received Import Request.
  Time since last request: 0.000014 seconds.
  path: Assets/Single_detailed_truck/3dobjects/Materials/trailer-wheels_metal.mat
  artifactKey: Guid(4a26c5024b47f1c489c19d623c479c84) Importer(815301076,1909f56bfc062723c751e8b465ee728b)
Start importing Assets/Single_detailed_truck/3dobjects/Materials/trailer-wheels_metal.mat using Guid(4a26c5024b47f1c489c19d623c479c84) Importer(815301076,1909f56bfc062723c751e8b465ee728b)  -> (artifact id: '1dbd74cc93c65f016e3a8a61fa9919b2') in 0.026220 seconds
Number of updated asset objects reloaded before import = 0
Number of asset objects unloaded after import = 2
========================================================================
Received Import Request.
  Time since last request: 0.000014 seconds.
  path: Assets/Single_detailed_truck/3dobjects/Materials/trailer-wheels.mat
  artifactKey: Guid(2f1eba0767a31d4408ba75a7c4ac331a) Importer(815301076,1909f56bfc062723c751e8b465ee728b)
Start importing Assets/Single_detailed_truck/3dobjects/Materials/trailer-wheels.mat using Guid(2f1eba0767a31d4408ba75a7c4ac331a) Importer(815301076,1909f56bfc062723c751e8b465ee728b)  -> (artifact id: '53eb6461c08d292029e92675fdfcb8f7') in 0.025481 seconds
Number of updated asset objects reloaded before import = 0
Number of asset objects unloaded after import = 2
========================================================================
Received Import Request.
  Time since last request: 0.000012 seconds.
  path: Assets/Single_detailed_truck/3dobjects/Materials/truck-wheel_metal.mat
  artifactKey: Guid(57ed15ca5dff4224ab15249f7dc67dbf) Importer(815301076,1909f56bfc062723c751e8b465ee728b)
Start importing Assets/Single_detailed_truck/3dobjects/Materials/truck-wheel_metal.mat using Guid(57ed15ca5dff4224ab15249f7dc67dbf) Importer(815301076,1909f56bfc062723c751e8b465ee728b)  -> (artifact id: 'b09c202d63d29b08bda1a1d7c6ba787d') in 0.028326 seconds
Number of updated asset objects reloaded before import = 0
Number of asset objects unloaded after import = 2
========================================================================
Received Import Request.
  Time since last request: 0.000016 seconds.
  path: Assets/Single_detailed_truck/3dobjects/Materials/truck-metal_chromed.mat
  artifactKey: Guid(0b41392ba8d8fe2439f457776089cf4a) Importer(815301076,1909f56bfc062723c751e8b465ee728b)
Start importing Assets/Single_detailed_truck/3dobjects/Materials/truck-metal_chromed.mat using Guid(0b41392ba8d8fe2439f457776089cf4a) Importer(815301076,1909f56bfc062723c751e8b465ee728b)  -> (artifact id: '6a4a09bd4d0b2c77c0238c7aa58b6a40') in 0.025562 seconds
Number of updated asset objects reloaded before import = 0
Number of asset objects unloaded after import = 2
========================================================================
Received Import Request.
  Time since last request: 10.892473 seconds.
  path: Assets/Urban American Assets/Props/Vehicles/Car2.prefab
  artifactKey: Guid(c636709dfd7fe1f438f063a9d74e44b1) Importer(815301076,1909f56bfc062723c751e8b465ee728b)
Start importing Assets/Urban American Assets/Props/Vehicles/Car2.prefab using Guid(c636709dfd7fe1f438f063a9d74e44b1) Importer(815301076,1909f56bfc062723c751e8b465ee728b)  -> (artifact id: '79ab53c97f12640de954849a7bb331bc') in 0.016235 seconds
Number of updated asset objects reloaded before import = 0
Number of asset objects unloaded after import = 36
========================================================================
Received Import Request.
  Time since last request: 0.000014 seconds.
  path: Assets/Urban American Assets/Props/Vehicles/Taxi B.prefab
  artifactKey: Guid(870974ec79eb7ea4582831b4a98b968e) Importer(815301076,1909f56bfc062723c751e8b465ee728b)
Start importing Assets/Urban American Assets/Props/Vehicles/Taxi B.prefab using Guid(870974ec79eb7ea4582831b4a98b968e) Importer(815301076,1909f56bfc062723c751e8b465ee728b)  -> (artifact id: '4b3a65385fdcc98a75d181a7b4cbde10') in 0.013764 seconds
Number of updated asset objects reloaded before import = 0
Number of asset objects unloaded after import = 36
Editor requested this worker to shutdown with reason: Scaling down because of idle timeout
TcpMessagingSession - receive error: operation aborted. errorcode: 995, details: The I/O operation has been aborted because of either a thread exit or an application request.
AssetImportWorker is now disconnected from the server
Process exiting
Exiting without the bug reporter. Application will terminate with return code 0